<?xml version="1.0" encoding="UTF-8"?>
<!-- Generated by org.testng.reporters.JUnitReportReporter -->
<testsuite hostname="Kulshrees-MacBook-Pro-2.local" failures="0" tests="1" name="runners.TestNGRunner" time="105.697" errors="0" timestamp="2024-09-11T23:45:07 BST" skipped="0">
  <testcase classname="runners.TestNGRunner" name="runScenario" time="105.697"/>
  <system-out/>
</testsuite> <!-- runners.TestNGRunner -->
