<?xml version="1.0" encoding="UTF-8"?>
<!-- Generated by org.testng.reporters.JUnitReportReporter -->
<testsuite hostname="Kulshrees-MacBook-Pro-2.local" failures="0" tests="1" name="runners.AmazonLGSoundbarSearchTest" time="132.765" errors="0" timestamp="2024-09-11T23:48:23 BST" skipped="0">
  <testcase classname="runners.AmazonLGSoundbarSearchTest" name="testProductSortingByPrice" time="132.765"/>
  <system-out/>
</testsuite> <!-- runners.AmazonLGSoundbarSearchTest -->
